app/build/intermediates/manifest_merge_blame_file/debug/manifest-merger-blame-debug-report.txt
1<?xml version="1.0" encoding="utf-8"?>
2<manifest xmlns:android="http://schemas.android.com/apk/res/android"
3    package="com.example.quizapp"
4    android:versionCode="1"
5    android:versionName="1.0" >
6
7    <uses-sdk
8        android:minSdkVersion="21"
8-->src/main/AndroidManifest.xml
9        android:targetSdkVersion="33" />
9-->src/main/AndroidManifest.xml
10
11    <uses-permission android:name="android.permission.INTERNET" />
11-->src/main/AndroidManifest.xml:5:5-67
11-->src/main/AndroidManifest.xml:5:22-64
12    <uses-permission android:name="android.permission.ACCESS_NETWORK_STATE" />
12-->src/main/AndroidManifest.xml:6:5-79
12-->src/main/AndroidManifest.xml:6:22-76
13
14    <permission
14-->[androidx.core:core:1.9.0] AndroidManifest.xml:22:5-24:47
15        android:name="com.example.quizapp.DYNAMIC_RECEIVER_NOT_EXPORTED_PERMISSION"
15-->[androidx.core:core:1.9.0] AndroidManifest.xml:23:9-81
16        android:protectionLevel="signature" />
16-->[androidx.core:core:1.9.0] AndroidManifest.xml:24:9-44
17
18    <uses-permission android:name="com.example.quizapp.DYNAMIC_RECEIVER_NOT_EXPORTED_PERMISSION" />
18-->[androidx.core:core:1.9.0] AndroidManifest.xml:26:5-97
18-->[androidx.core:core:1.9.0] AndroidManifest.xml:26:22-94
19
20    <application
20-->src/main/AndroidManifest.xml:8:5-78:19
21        android:allowBackup="true"
21-->src/main/AndroidManifest.xml:9:9-35
22        android:appComponentFactory="androidx.core.app.CoreComponentFactory"
22-->[androidx.core:core:1.9.0] AndroidManifest.xml:28:18-86
23        android:dataExtractionRules="@xml/data_extraction_rules"
23-->src/main/AndroidManifest.xml:10:9-65
24        android:debuggable="true"
25        android:fullBackupContent="@xml/backup_rules"
25-->src/main/AndroidManifest.xml:11:9-54
26        android:icon="@mipmap/ic_launcher"
26-->src/main/AndroidManifest.xml:12:9-43
27        android:label="@string/app_name"
27-->src/main/AndroidManifest.xml:13:9-41
28        android:roundIcon="@mipmap/ic_launcher_round"
28-->src/main/AndroidManifest.xml:14:9-54
29        android:supportsRtl="true"
29-->src/main/AndroidManifest.xml:15:9-35
30        android:testOnly="true"
31        android:theme="@style/Theme.QuizApp" >
31-->src/main/AndroidManifest.xml:16:9-45
32        <activity
32-->src/main/AndroidManifest.xml:18:9-24:20
33            android:name="com.example.quizapp.ResultActivity"
33-->src/main/AndroidManifest.xml:19:13-43
34            android:exported="false" >
34-->src/main/AndroidManifest.xml:20:13-37
35            <meta-data
35-->src/main/AndroidManifest.xml:21:13-23:36
36                android:name="android.app.lib_name"
36-->src/main/AndroidManifest.xml:22:17-52
37                android:value="" />
37-->src/main/AndroidManifest.xml:23:17-33
38        </activity>
39        <activity
39-->src/main/AndroidManifest.xml:25:9-31:20
40            android:name="com.example.quizapp.QuestionCreation"
40-->src/main/AndroidManifest.xml:26:13-45
41            android:exported="false" >
41-->src/main/AndroidManifest.xml:27:13-37
42            <meta-data
42-->src/main/AndroidManifest.xml:21:13-23:36
43                android:name="android.app.lib_name"
43-->src/main/AndroidManifest.xml:22:17-52
44                android:value="" />
44-->src/main/AndroidManifest.xml:23:17-33
45        </activity>
46        <activity
46-->src/main/AndroidManifest.xml:32:9-38:20
47            android:name="com.example.quizapp.QuizQuestionsActivity"
47-->src/main/AndroidManifest.xml:33:13-50
48            android:exported="false" >
48-->src/main/AndroidManifest.xml:34:13-37
49            <meta-data
49-->src/main/AndroidManifest.xml:21:13-23:36
50                android:name="android.app.lib_name"
50-->src/main/AndroidManifest.xml:22:17-52
51                android:value="" />
51-->src/main/AndroidManifest.xml:23:17-33
52        </activity>
53        <activity
53-->src/main/AndroidManifest.xml:39:9-45:20
54            android:name="com.example.quizapp.Quiz"
54-->src/main/AndroidManifest.xml:40:13-33
55            android:exported="false" >
55-->src/main/AndroidManifest.xml:41:13-37
56            <meta-data
56-->src/main/AndroidManifest.xml:21:13-23:36
57                android:name="android.app.lib_name"
57-->src/main/AndroidManifest.xml:22:17-52
58                android:value="" />
58-->src/main/AndroidManifest.xml:23:17-33
59        </activity>
60        <activity
60-->src/main/AndroidManifest.xml:46:9-53:20
61            android:name="com.example.quizapp.QuizCreation"
61-->src/main/AndroidManifest.xml:47:13-41
62            android:exported="false"
62-->src/main/AndroidManifest.xml:48:13-37
63            android:theme="@style/Theme.MyQuizApp" >
63-->src/main/AndroidManifest.xml:49:13-51
64            <meta-data
64-->src/main/AndroidManifest.xml:21:13-23:36
65                android:name="android.app.lib_name"
65-->src/main/AndroidManifest.xml:22:17-52
66                android:value="" />
66-->src/main/AndroidManifest.xml:23:17-33
67        </activity>
68        <activity
68-->src/main/AndroidManifest.xml:54:9-61:20
69            android:name="com.example.quizapp.QuizSelection"
69-->src/main/AndroidManifest.xml:55:13-42
70            android:exported="false"
70-->src/main/AndroidManifest.xml:56:13-37
71            android:theme="@style/Theme.MyQuizApp" >
71-->src/main/AndroidManifest.xml:57:13-51
72            <meta-data
72-->src/main/AndroidManifest.xml:21:13-23:36
73                android:name="android.app.lib_name"
73-->src/main/AndroidManifest.xml:22:17-52
74                android:value="" />
74-->src/main/AndroidManifest.xml:23:17-33
75        </activity>
76        <activity
76-->src/main/AndroidManifest.xml:62:9-77:20
77            android:name="com.example.quizapp.MainActivity"
77-->src/main/AndroidManifest.xml:63:13-41
78            android:exported="true"
78-->src/main/AndroidManifest.xml:64:13-36
79            android:screenOrientation="portrait"
79-->src/main/AndroidManifest.xml:65:13-49
80            android:theme="@style/Theme.MyQuizApp" >
80-->src/main/AndroidManifest.xml:66:13-51
81            <intent-filter>
81-->src/main/AndroidManifest.xml:68:13-72:29
82                <action android:name="android.intent.action.MAIN" />
82-->src/main/AndroidManifest.xml:69:17-69
82-->src/main/AndroidManifest.xml:69:25-66
83
84                <category android:name="android.intent.category.LAUNCHER" />
84-->src/main/AndroidManifest.xml:71:17-77
84-->src/main/AndroidManifest.xml:71:27-74
85            </intent-filter>
86
87            <meta-data
87-->src/main/AndroidManifest.xml:21:13-23:36
88                android:name="android.app.lib_name"
88-->src/main/AndroidManifest.xml:22:17-52
89                android:value="" />
89-->src/main/AndroidManifest.xml:23:17-33
90        </activity>
91
92        <provider
92-->[androidx.emoji2:emoji2:1.2.0] AndroidManifest.xml:24:9-32:20
93            android:name="androidx.startup.InitializationProvider"
93-->[androidx.emoji2:emoji2:1.2.0] AndroidManifest.xml:25:13-67
94            android:authorities="com.example.quizapp.androidx-startup"
94-->[androidx.emoji2:emoji2:1.2.0] AndroidManifest.xml:26:13-68
95            android:exported="false" >
95-->[androidx.emoji2:emoji2:1.2.0] AndroidManifest.xml:27:13-37
96            <meta-data
96-->[androidx.emoji2:emoji2:1.2.0] AndroidManifest.xml:29:13-31:52
97                android:name="androidx.emoji2.text.EmojiCompatInitializer"
97-->[androidx.emoji2:emoji2:1.2.0] AndroidManifest.xml:30:17-75
98                android:value="androidx.startup" />
98-->[androidx.emoji2:emoji2:1.2.0] AndroidManifest.xml:31:17-49
99            <meta-data
99-->[androidx.lifecycle:lifecycle-process:2.4.1] AndroidManifest.xml:31:13-33:52
100                android:name="androidx.lifecycle.ProcessLifecycleInitializer"
100-->[androidx.lifecycle:lifecycle-process:2.4.1] AndroidManifest.xml:32:17-78
101                android:value="androidx.startup" />
101-->[androidx.lifecycle:lifecycle-process:2.4.1] AndroidManifest.xml:33:17-49
102        </provider>
103    </application>
104
105</manifest>